<?xml version="1.0" encoding="UTF-8"?>
<!-- Generated by org.testng.reporters.JUnitXMLReporter -->
<testsuite hostname="Prabhagarans-MacBook-Pro.local" ignored="0" name="Test" tests="3" failures="0" timestamp="13 Apr 2019 01:14:13 GMT" time="83.001" errors="0">
  <testcase name="loginMethod" time="6.653" classname="test.LoginPageTest"/>
  <testcase name="loginMethod" time="3.018" classname="test.LoginPageTest"/>
  <testcase name="test2" time="0.002" classname="test.LoginPageTest"/>
</testsuite> <!-- Test -->
